# JRE version: Java(TM) SE Runtime Environment (8.0_211-b12) (build 1.8.0_211-b12)
# Java VM: Java HotSpot(TM) 64-Bit Server VM (25.211-b12 mixed mode linux-amd64 compressed oops)
# JRE version: Java(TM) SE Runtime Environment (8.0_211-b12) (build 1.8.0_211-b12)
# Java VM: Java HotSpot(TM) 64-Bit Server VM (25.211-b12 mixed mode linux-amd64 compressed oops)
Heap:
 PSYoungGen      total 20992K, used 12052K [0x00000000d7400000, 0x00000000d8980000, 0x0000000100000000)
  eden space 20480K, 58% used [0x00000000d7400000,0x00000000d7f9d3c0,0x00000000d8800000)
  from space 512K, 31% used [0x00000000d8900000,0x00000000d8928000,0x00000000d8980000)
  to   space 512K, 0% used [0x00000000d8880000,0x00000000d8880000,0x00000000d8900000)
 ParOldGen       total 25600K, used 20400K [0x0000000085c00000, 0x0000000087500000, 0x00000000d7400000)
  object space 25600K, 79% used [0x0000000085c00000,0x0000000086fec398,0x0000000087500000)
 Metaspace       used 11117K, capacity 11266K, committed 11648K, reserved 1058816K
  class space    used 1223K, capacity 1281K, committed 1408K, reserved 1048576K
GC Heap History (10 events):
Event: 5433750.241 GC heap before
{Heap before GC invocations=5308 (full 24):
 PSYoungGen      total 20992K, used 20640K [0x00000000d7400000, 0x00000000d8980000, 0x0000000100000000)
  eden space 20480K, 100% used [0x00000000d7400000,0x00000000d8800000,0x00000000d8800000)
  from space 512K, 31% used [0x00000000d8880000,0x00000000d88a8000,0x00000000d8900000)
  to   space 512K, 0% used [0x00000000d8900000,0x00000000d8900000,0x00000000d8980000)
 ParOldGen       total 25600K, used 19912K [0x0000000085c00000, 0x0000000087500000, 0x00000000d7400000)
  object space 25600K, 77% used [0x0000000085c00000,0x0000000086f72398,0x0000000087500000)
 Metaspace       used 11110K, capacity 11266K, committed 11648K, reserved 1058816K
  class space    used 1223K, capacity 1281K, committed 1408K, reserved 1048576K
Event: 5433750.242 GC heap after
Heap after GC invocations=5308 (full 24):
 PSYoungGen      total 20992K, used 160K [0x00000000d7400000, 0x00000000d8980000, 0x0000000100000000)
  eden space 20480K, 0% used [0x00000000d7400000,0x00000000d7400000,0x00000000d8800000)
  from space 512K, 31% used [0x00000000d8900000,0x00000000d8928000,0x00000000d8980000)
  to   space 512K, 0% used [0x00000000d8880000,0x00000000d8880000,0x00000000d8900000)
 ParOldGen       total 25600K, used 20016K [0x0000000085c00000, 0x0000000087500000, 0x00000000d7400000)
  object space 25600K, 78% used [0x0000000085c00000,0x0000000086f8c398,0x0000000087500000)
 Metaspace       used 11110K, capacity 11266K, committed 11648K, reserved 1058816K
  class space    used 1223K, capacity 1281K, committed 1408K, reserved 1048576K
}
Event: 5434609.803 GC heap before
{Heap before GC invocations=5309 (full 24):
 PSYoungGen      total 20992K, used 20640K [0x00000000d7400000, 0x00000000d8980000, 0x0000000100000000)
  eden space 20480K, 100% used [0x00000000d7400000,0x00000000d8800000,0x00000000d8800000)
  from space 512K, 31% used [0x00000000d8900000,0x00000000d8928000,0x00000000d8980000)
  to   space 512K, 0% used [0x00000000d8880000,0x00000000d8880000,0x00000000d8900000)
 ParOldGen       total 25600K, used 20016K [0x0000000085c00000, 0x0000000087500000, 0x00000000d7400000)
  object space 25600K, 78% used [0x0000000085c00000,0x0000000086f8c398,0x0000000087500000)
 Metaspace       used 11110K, capacity 11266K, committed 11648K, reserved 1058816K
  class space    used 1223K, capacity 1281K, committed 1408K, reserved 1048576K
Event: 5434609.804 GC heap after
Heap after GC invocations=5309 (full 24):
 PSYoungGen      total 20992K, used 128K [0x00000000d7400000, 0x00000000d8980000, 0x0000000100000000)
  eden space 20480K, 0% used [0x00000000d7400000,0x00000000d7400000,0x00000000d8800000)
  from space 512K, 25% used [0x00000000d8880000,0x00000000d88a0000,0x00000000d8900000)
  to   space 512K, 0% used [0x00000000d8900000,0x00000000d8900000,0x00000000d8980000)
 ParOldGen       total 25600K, used 20104K [0x0000000085c00000, 0x0000000087500000, 0x00000000d7400000)
  object space 25600K, 78% used [0x0000000085c00000,0x0000000086fa2398,0x0000000087500000)
 Metaspace       used 11110K, capacity 11266K, committed 11648K, reserved 1058816K
  class space    used 1223K, capacity 1281K, committed 1408K, reserved 1048576K
}
Event: 5435481.897 GC heap before
{Heap before GC invocations=5310 (full 24):
 PSYoungGen      total 20992K, used 20608K [0x00000000d7400000, 0x00000000d8980000, 0x0000000100000000)
  eden space 20480K, 100% used [0x00000000d7400000,0x00000000d8800000,0x00000000d8800000)
  from space 512K, 25% used [0x00000000d8880000,0x00000000d88a0000,0x00000000d8900000)
  to   space 512K, 0% used [0x00000000d8900000,0x00000000d8900000,0x00000000d8980000)
 ParOldGen       total 25600K, used 20104K [0x0000000085c00000, 0x0000000087500000, 0x00000000d7400000)
  object space 25600K, 78% used [0x0000000085c00000,0x0000000086fa2398,0x0000000087500000)
 Metaspace       used 11110K, capacity 11266K, committed 11648K, reserved 1058816K
  class space    used 1223K, capacity 1281K, committed 1408K, reserved 1048576K
Event: 5435481.897 GC heap after
Heap after GC invocations=5310 (full 24):
 PSYoungGen      total 20992K, used 160K [0x00000000d7400000, 0x00000000d8980000, 0x0000000100000000)
  eden space 20480K, 0% used [0x00000000d7400000,0x00000000d7400000,0x00000000d8800000)
  from space 512K, 31% used [0x00000000d8900000,0x00000000d8928000,0x00000000d8980000)
  to   space 512K, 0% used [0x00000000d8880000,0x00000000d8880000,0x00000000d8900000)
 ParOldGen       total 25600K, used 20208K [0x0000000085c00000, 0x0000000087500000, 0x00000000d7400000)
  object space 25600K, 78% used [0x0000000085c00000,0x0000000086fbc398,0x0000000087500000)
 Metaspace       used 11110K, capacity 11266K, committed 11648K, reserved 1058816K
  class space    used 1223K, capacity 1281K, committed 1408K, reserved 1048576K
}
Event: 5436344.959 GC heap before
{Heap before GC invocations=5311 (full 24):
 PSYoungGen      total 20992K, used 20640K [0x00000000d7400000, 0x00000000d8980000, 0x0000000100000000)
  eden space 20480K, 100% used [0x00000000d7400000,0x00000000d8800000,0x00000000d8800000)
  from space 512K, 31% used [0x00000000d8900000,0x00000000d8928000,0x00000000d8980000)
  to   space 512K, 0% used [0x00000000d8880000,0x00000000d8880000,0x00000000d8900000)
 ParOldGen       total 25600K, used 20208K [0x0000000085c00000, 0x0000000087500000, 0x00000000d7400000)
  object space 25600K, 78% used [0x0000000085c00000,0x0000000086fbc398,0x0000000087500000)
 Metaspace       used 11110K, capacity 11266K, committed 11648K, reserved 1058816K
  class space    used 1223K, capacity 1281K, committed 1408K, reserved 1048576K
Event: 5436344.960 GC heap after
Heap after GC invocations=5311 (full 24):
 PSYoungGen      total 20992K, used 160K [0x00000000d7400000, 0x00000000d8980000, 0x0000000100000000)
  eden space 20480K, 0% used [0x00000000d7400000,0x00000000d7400000,0x00000000d8800000)
  from space 512K, 31% used [0x00000000d8880000,0x00000000d88a8000,0x00000000d8900000)
  to   space 512K, 0% used [0x00000000d8900000,0x00000000d8900000,0x00000000d8980000)
 ParOldGen       total 25600K, used 20304K [0x0000000085c00000, 0x0000000087500000, 0x00000000d7400000)
  object space 25600K, 79% used [0x0000000085c00000,0x0000000086fd4398,0x0000000087500000)
 Metaspace       used 11110K, capacity 11266K, committed 11648K, reserved 1058816K
  class space    used 1223K, capacity 1281K, committed 1408K, reserved 1048576K
}
Event: 5437204.956 GC heap before
{Heap before GC invocations=5312 (full 24):
 PSYoungGen      total 20992K, used 20640K [0x00000000d7400000, 0x00000000d8980000, 0x0000000100000000)
  eden space 20480K, 100% used [0x00000000d7400000,0x00000000d8800000,0x00000000d8800000)
  from space 512K, 31% used [0x00000000d8880000,0x00000000d88a8000,0x00000000d8900000)
  to   space 512K, 0% used [0x00000000d8900000,0x00000000d8900000,0x00000000d8980000)
 ParOldGen       total 25600K, used 20304K [0x0000000085c00000, 0x0000000087500000, 0x00000000d7400000)
  object space 25600K, 79% used [0x0000000085c00000,0x0000000086fd4398,0x0000000087500000)
 Metaspace       used 11110K, capacity 11266K, committed 11648K, reserved 1058816K
  class space    used 1223K, capacity 1281K, committed 1408K, reserved 1048576K
Event: 5437204.957 GC heap after
Heap after GC invocations=5312 (full 24):
 PSYoungGen      total 20992K, used 160K [0x00000000d7400000, 0x00000000d8980000, 0x0000000100000000)
  eden space 20480K, 0% used [0x00000000d7400000,0x00000000d7400000,0x00000000d8800000)
  from space 512K, 31% used [0x00000000d8900000,0x00000000d8928000,0x00000000d8980000)
  to   space 512K, 0% used [0x00000000d8880000,0x00000000d8880000,0x00000000d8900000)
 ParOldGen       total 25600K, used 20400K [0x0000000085c00000, 0x0000000087500000, 0x00000000d7400000)
  object space 25600K, 79% used [0x0000000085c00000,0x0000000086fec398,0x0000000087500000)
 Metaspace       used 11110K, capacity 11266K, committed 11648K, reserved 1058816K
  class space    used 1223K, capacity 1281K, committed 1408K, reserved 1048576K
}

